<?xml version="1.0" encoding="UTF-8"?>
<!-- Generated by org.testng.reporters.JUnitXMLReporter -->
<testsuite hostname="Siri-PC" ignored="0" name="Default test" tests="4" failures="0" timestamp="2020-09-07T22:43:18 PDT" time="2.052" errors="0">
  <testcase name="getrequest_return_listofcars" time="1.232" classname="com.restassured.RentalCarTests.RentalCarTests"/>
  <testcase name="getrequest_return_bluecolorTeslas_And_Notes" time="0.354" classname="com.restassured.RentalCarTests.RentalCarTests"/>
  <testcase name="getrequest_return_carsOf_Lowest_Perdayrent_and_PerdaypriceAfterdiscount" time="0.13" classname="com.restassured.RentalCarTests.RentalCarTests"/>
  <testcase name="getrequest_Returns_Carswith_highestRevenue_forFullYear" time="0.254" classname="com.restassured.RentalCarTests.RentalCarTests"/>
</testsuite> <!-- Default test -->
