<?xml version="1.0" encoding="UTF-8"?>
<testng-results skipped="0" failed="0" ignored="0" total="4" passed="4">
  <reporter-output>
  </reporter-output>
  <suite name="Default suite" duration-ms="2052" started-at="2020-09-07T22:43:16 PDT" finished-at="2020-09-07T22:43:18 PDT">
    <groups>
    </groups>
    <test name="Default test" duration-ms="2052" started-at="2020-09-07T22:43:16 PDT" finished-at="2020-09-07T22:43:18 PDT">
      <class name="com.restassured.RentalCarTests.RentalCarTests">
        <test-method status="PASS" signature="setUpWireMockServer()[pri:0, instance:com.restassured.RentalCarTests.RentalCarTests@25af5db5]" name="setUpWireMockServer" is-config="true" duration-ms="797" started-at="2020-09-07T22:43:15 PDT" finished-at="2020-09-07T22:43:16 PDT">
          <reporter-output>
          </reporter-output>
        </test-method> <!-- setUpWireMockServer -->
        <test-method status="PASS" signature="getmappingreqforrentalcarsRequestandResponse()[pri:0, instance:com.restassured.RentalCarTests.RentalCarTests@25af5db5]" name="getmappingreqforrentalcarsRequestandResponse" is-config="true" duration-ms="40" started-at="2020-09-07T22:43:16 PDT" finished-at="2020-09-07T22:43:16 PDT">
          <reporter-output>
          </reporter-output>
        </test-method> <!-- getmappingreqforrentalcarsRequestandResponse -->
        <test-method status="PASS" signature="getrequest_return_listofcars()[pri:1, instance:com.restassured.RentalCarTests.RentalCarTests@25af5db5]" name="getrequest_return_listofcars" duration-ms="1232" started-at="2020-09-07T22:43:16 PDT" finished-at="2020-09-07T22:43:17 PDT">
          <reporter-output>
          </reporter-output>
        </test-method> <!-- getrequest_return_listofcars -->
        <test-method status="PASS" signature="getrequest_return_bluecolorTeslas_And_Notes()[pri:2, instance:com.restassured.RentalCarTests.RentalCarTests@25af5db5]" name="getrequest_return_bluecolorTeslas_And_Notes" duration-ms="354" started-at="2020-09-07T22:43:17 PDT" finished-at="2020-09-07T22:43:18 PDT">
          <reporter-output>
          </reporter-output>
        </test-method> <!-- getrequest_return_bluecolorTeslas_And_Notes -->
        <test-method status="PASS" signature="getrequest_return_carsOf_Lowest_Perdayrent_and_PerdaypriceAfterdiscount()[pri:3, instance:com.restassured.RentalCarTests.RentalCarTests@25af5db5]" name="getrequest_return_carsOf_Lowest_Perdayrent_and_PerdaypriceAfterdiscount" duration-ms="130" started-at="2020-09-07T22:43:18 PDT" finished-at="2020-09-07T22:43:18 PDT">
          <reporter-output>
          </reporter-output>
        </test-method> <!-- getrequest_return_carsOf_Lowest_Perdayrent_and_PerdaypriceAfterdiscount -->
        <test-method status="PASS" signature="getrequest_Returns_Carswith_highestRevenue_forFullYear()[pri:4, instance:com.restassured.RentalCarTests.RentalCarTests@25af5db5]" name="getrequest_Returns_Carswith_highestRevenue_forFullYear" duration-ms="254" started-at="2020-09-07T22:43:18 PDT" finished-at="2020-09-07T22:43:18 PDT">
          <reporter-output>
          </reporter-output>
        </test-method> <!-- getrequest_Returns_Carswith_highestRevenue_forFullYear -->
        <test-method status="PASS" signature="shutdown()[pri:0, instance:com.restassured.RentalCarTests.RentalCarTests@25af5db5]" name="shutdown" is-config="true" duration-ms="6" started-at="2020-09-07T22:43:18 PDT" finished-at="2020-09-07T22:43:18 PDT">
          <reporter-output>
          </reporter-output>
        </test-method> <!-- shutdown -->
      </class> <!-- com.restassured.RentalCarTests.RentalCarTests -->
    </test> <!-- Default test -->
  </suite> <!-- Default suite -->
</testng-results>
